test_average (__main__.TestExercice) ... ok
test_square (__main__.TestExercice) ... ok
test_square_root (__main__.TestExercice) ... ok
test_to_celsius (__main__.TestExercice) ... FAIL
test_to_degrees (__main__.TestExercice) ... ok
test_to_farenheit (__main__.TestExercice) ... FAIL
test_to_radians (__main__.TestExercice) ... ok

======================================================================
FAIL: test_to_celsius (__main__.TestExercice)
----------------------------------------------------------------------
Traceback (most recent call last):
  File "test_exercice.py", line 98, in test_to_celsius
    'Mauvais calcul de farenheit -> celsius'
AssertionError: Lists differ: [0.0, 0.0, 0.0] != [-17.77777777777778, -31.666666666666664, 232.77777777777777]

First differing element 0:
0.0
-17.77777777777778

- [0.0, 0.0, 0.0]
+ [-17.77777777777778, -31.666666666666664, 232.77777777777777] : Mauvais calcul de farenheit -> celsius

======================================================================
FAIL: test_to_farenheit (__main__.TestExercice)
----------------------------------------------------------------------
Traceback (most recent call last):
  File "test_exercice.py", line 110, in test_to_farenheit
    'Mauvais calcul de celsius -> farenheit'
AssertionError: Lists differ: [0.0, 0.0, 0.0] != [32.0, -13.0, 843.8000000000001]

First differing element 0:
0.0
32.0

- [0.0, 0.0, 0.0]
+ [32.0, -13.0, 843.8000000000001] : Mauvais calcul de celsius -> farenheit

----------------------------------------------------------------------
Ran 7 tests in 0.001s

FAILED (failures=2)
